[2020-04-03 04:42:53] grafana/grafana:6.6.0 pull successfully.
[2020-04-03 04:43:24] grafana/grafana:6.6.0 save successfully.
[2020-04-03 04:43:29] quay.io/coreos/k8s-prometheus-adapter-amd64:v0.5.0 pull successfully.
[2020-04-03 04:43:34] quay.io/coreos/k8s-prometheus-adapter-amd64:v0.5.0 save successfully.
[2020-04-03 04:43:39] quay.io/coreos/kube-rbac-proxy:v0.4.1 pull successfully.
[2020-04-03 04:43:44] quay.io/coreos/kube-rbac-proxy:v0.4.1 save successfully.
[2020-04-03 04:43:49] quay.io/coreos/kube-state-metrics:v1.9.5 pull successfully.
[2020-04-03 04:43:52] quay.io/coreos/kube-state-metrics:v1.9.5 save successfully.
[2020-04-03 04:43:57] quay.io/coreos/prometheus-operator:v0.37.0 pull successfully.
[2020-04-03 04:44:00] quay.io/coreos/prometheus-operator:v0.37.0 save successfully.
[2020-04-03 04:44:05] quay.io/coreos/prometheus-config-reloader:v0.37.0 pull successfully.
[2020-04-03 04:44:06] quay.io/coreos/prometheus-config-reloader:v0.37.0 save successfully.
[2020-04-03 04:44:11] quay.io/prometheus/alertmanager:v0.20.0 pull successfully.
[2020-04-03 04:44:18] quay.io/prometheus/alertmanager:v0.20.0 save successfully.
[2020-04-03 04:44:23] quay.io/prometheus/node-exporter:v0.18.1 pull successfully.
[2020-04-03 04:44:26] quay.io/prometheus/node-exporter:v0.18.1 save successfully.
[2020-04-03 04:44:41] quay.io/prometheus/prometheus:v2.15.2 pull successfully.
[2020-04-03 04:44:54] quay.io/prometheus/prometheus:v2.15.2 save successfully.
[2020-04-03 04:51:48] grafana/grafana:6.6.0 pull successfully.
[2020-04-03 04:52:17] grafana/grafana:6.6.0 save successfully.
[2020-04-03 04:52:22] quay.io/coreos/k8s-prometheus-adapter-amd64:v0.5.0 pull successfully.
[2020-04-03 04:52:28] quay.io/coreos/k8s-prometheus-adapter-amd64:v0.5.0 save successfully.
[2020-04-03 04:52:32] quay.io/coreos/kube-rbac-proxy:v0.4.1 pull successfully.
[2020-04-03 04:52:36] quay.io/coreos/kube-rbac-proxy:v0.4.1 save successfully.
[2020-04-03 04:52:46] quay.io/coreos/kube-state-metrics:v1.9.5 pull successfully.
[2020-04-03 04:52:49] quay.io/coreos/kube-state-metrics:v1.9.5 save successfully.
[2020-04-03 04:52:57] quay.io/coreos/prometheus-operator:v0.37.0 pull successfully.
[2020-04-03 04:53:01] quay.io/coreos/prometheus-operator:v0.37.0 save successfully.
[2020-04-03 04:53:07] quay.io/coreos/prometheus-config-reloader:v0.37.0 pull successfully.
[2020-04-03 04:53:09] quay.io/coreos/prometheus-config-reloader:v0.37.0 save successfully.
[2020-04-03 04:53:24] quay.io/prometheus/alertmanager:v0.20.0 pull successfully.
[2020-04-03 04:53:30] quay.io/prometheus/alertmanager:v0.20.0 save successfully.
[2020-04-03 04:53:39] quay.io/prometheus/node-exporter:v0.18.1 pull successfully.
[2020-04-03 04:53:41] quay.io/prometheus/node-exporter:v0.18.1 save successfully.
[2020-04-03 04:53:49] quay.io/prometheus/prometheus:v2.15.2 pull successfully.
[2020-04-03 04:54:01] quay.io/prometheus/prometheus:v2.15.2 save successfully.
[2020-04-03 04:54:07] quay.io/external_storage/nfs-client-provisioner:latest pull successfully.
[2020-04-03 04:54:10] quay.io/external_storage/nfs-client-provisioner:latest save successfully.
