[2020-03-31 00:47:22] grafana-grafana-6.6.0 load successfully.
[2020-03-31 00:47:23] quay.io-coreos-k8s-prometheus-adapter-amd64-v0.5.0 load successfully.
[2020-03-31 00:47:24] quay.io-coreos-kube-rbac-proxy-v0.4.1 load successfully.
[2020-03-31 00:47:24] quay.io-coreos-kube-state-metrics-v1.9.5 load successfully.
[2020-03-31 00:47:25] quay.io-coreos-prometheus-operator-v0.37.0 load successfully.
[2020-03-31 00:47:26] quay.io-prometheus-alertmanager-v0.20.0 load successfully.
[2020-03-31 00:47:27] quay.io-prometheus-node-exporter-v0.18.1 load successfully.
[2020-03-31 00:47:28] quay.io-prometheus-prometheus-v2.15.2 load successfully.
[2020-03-31 06:01:35] grafana-grafana-6.6.0 load successfully.
[2020-03-31 06:01:36] quay.io-coreos-k8s-prometheus-adapter-amd64-v0.5.0 load successfully.
[2020-03-31 06:01:36] quay.io-coreos-kube-rbac-proxy-v0.4.1 load successfully.
[2020-03-31 06:01:37] quay.io-coreos-kube-state-metrics-v1.9.5 load successfully.
[2020-03-31 06:01:38] quay.io-coreos-prometheus-operator-v0.37.0 load successfully.
[2020-03-31 06:01:38] quay.io-prometheus-alertmanager-v0.20.0 load successfully.
[2020-03-31 06:01:39] quay.io-prometheus-node-exporter-v0.18.1 load successfully.
[2020-03-31 06:01:41] quay.io-prometheus-prometheus-v2.15.2 load successfully.
[2020-03-31 06:03:35] grafana-grafana-6.6.0 load successfully.
[2020-03-31 06:03:35] quay.io-coreos-k8s-prometheus-adapter-amd64-v0.5.0 load successfully.
[2020-03-31 06:03:36] quay.io-coreos-kube-rbac-proxy-v0.4.1 load successfully.
[2020-03-31 06:03:37] quay.io-coreos-kube-state-metrics-v1.9.5 load successfully.
[2020-03-31 06:03:37] quay.io-coreos-prometheus-operator-v0.37.0 load successfully.
[2020-03-31 06:03:38] quay.io-prometheus-alertmanager-v0.20.0 load successfully.
[2020-03-31 06:03:38] quay.io-prometheus-node-exporter-v0.18.1 load successfully.
[2020-03-31 06:03:40] quay.io-prometheus-prometheus-v2.15.2 load successfully.
[2020-03-31 06:04:04] grafana-grafana-6.6.0 load successfully.
[2020-03-31 06:04:05] quay.io-coreos-k8s-prometheus-adapter-amd64-v0.5.0 load successfully.
[2020-03-31 06:04:06] quay.io-coreos-kube-rbac-proxy-v0.4.1 load successfully.
[2020-03-31 06:04:06] quay.io-coreos-kube-state-metrics-v1.9.5 load successfully.
[2020-03-31 06:04:07] quay.io-coreos-prometheus-operator-v0.37.0 load successfully.
[2020-03-31 06:04:08] quay.io-prometheus-alertmanager-v0.20.0 load successfully.
[2020-03-31 06:04:08] quay.io-prometheus-node-exporter-v0.18.1 load successfully.
[2020-03-31 06:04:10] quay.io-prometheus-prometheus-v2.15.2 load successfully.
[2020-03-31 06:04:22] grafana-grafana-6.6.0 load successfully.
[2020-03-31 06:04:23] quay.io-coreos-k8s-prometheus-adapter-amd64-v0.5.0 load successfully.
[2020-03-31 06:04:24] quay.io-coreos-kube-rbac-proxy-v0.4.1 load successfully.
[2020-03-31 06:04:25] quay.io-coreos-kube-state-metrics-v1.9.5 load successfully.
[2020-03-31 06:04:25] quay.io-coreos-prometheus-operator-v0.37.0 load successfully.
[2020-03-31 06:04:26] quay.io-prometheus-alertmanager-v0.20.0 load successfully.
[2020-03-31 06:04:27] quay.io-prometheus-node-exporter-v0.18.1 load successfully.
[2020-03-31 06:04:28] quay.io-prometheus-prometheus-v2.15.2 load successfully.
[2020-03-31 06:05:34] grafana-grafana-6.6.0 load successfully.
[2020-03-31 06:05:35] quay.io-coreos-k8s-prometheus-adapter-amd64-v0.5.0 load successfully.
[2020-03-31 06:05:36] quay.io-coreos-kube-rbac-proxy-v0.4.1 load successfully.
[2020-03-31 06:05:36] quay.io-coreos-kube-state-metrics-v1.9.5 load successfully.
[2020-03-31 06:05:37] quay.io-coreos-prometheus-operator-v0.37.0 load successfully.
[2020-03-31 06:05:38] quay.io-prometheus-alertmanager-v0.20.0 load successfully.
[2020-03-31 06:05:38] quay.io-prometheus-node-exporter-v0.18.1 load successfully.
[2020-03-31 06:05:39] quay.io-prometheus-prometheus-v2.15.2 load successfully.
[2020-03-31 06:07:34] grafana-grafana-6.6.0 load successfully.
[2020-03-31 06:07:35] quay.io-coreos-k8s-prometheus-adapter-amd64-v0.5.0 load successfully.
[2020-03-31 06:07:35] quay.io-coreos-kube-rbac-proxy-v0.4.1 load successfully.
[2020-03-31 06:07:36] quay.io-coreos-kube-state-metrics-v1.9.5 load successfully.
[2020-03-31 06:07:37] quay.io-coreos-prometheus-operator-v0.37.0 load successfully.
[2020-03-31 06:07:38] quay.io-prometheus-alertmanager-v0.20.0 load successfully.
[2020-03-31 06:07:38] quay.io-prometheus-node-exporter-v0.18.1 load successfully.
[2020-03-31 06:07:40] quay.io-prometheus-prometheus-v2.15.2 load successfully.
[2020-03-31 06:08:08] grafana-grafana-6.6.0 load successfully.
[2020-03-31 06:08:09] quay.io-coreos-k8s-prometheus-adapter-amd64-v0.5.0 load successfully.
[2020-03-31 06:08:10] quay.io-coreos-kube-rbac-proxy-v0.4.1 load successfully.
[2020-03-31 06:08:10] quay.io-coreos-kube-state-metrics-v1.9.5 load successfully.
[2020-03-31 06:08:11] quay.io-coreos-prometheus-operator-v0.37.0 load successfully.
[2020-03-31 06:08:11] quay.io-prometheus-alertmanager-v0.20.0 load successfully.
[2020-03-31 06:08:12] quay.io-prometheus-node-exporter-v0.18.1 load successfully.
[2020-03-31 06:08:14] quay.io-prometheus-prometheus-v2.15.2 load successfully.
