[2020-05-27 10:09:35] grafana/grafana:6.6.0 pull successfully.
[2020-05-27 10:09:50] grafana/grafana:6.6.0 save successfully.
[2020-05-27 10:09:55] quay.io/coreos/k8s-prometheus-adapter-amd64:v0.5.0 pull successfully.
[2020-05-27 10:09:58] quay.io/coreos/k8s-prometheus-adapter-amd64:v0.5.0 save successfully.
[2020-05-27 10:10:01] quay.io/coreos/kube-rbac-proxy:v0.4.1 pull successfully.
[2020-05-27 10:10:03] quay.io/coreos/kube-rbac-proxy:v0.4.1 save successfully.
[2020-05-27 10:10:06] quay.io/coreos/kube-state-metrics:v1.9.5 pull successfully.
[2020-05-27 10:10:08] quay.io/coreos/kube-state-metrics:v1.9.5 save successfully.
[2020-05-27 10:10:11] quay.io/coreos/prometheus-operator:v0.37.0 pull successfully.
[2020-05-27 10:10:14] quay.io/coreos/prometheus-operator:v0.37.0 save successfully.
[2020-05-27 10:10:16] quay.io/coreos/prometheus-config-reloader:v0.37.0 pull successfully.
[2020-05-27 10:10:17] quay.io/coreos/prometheus-config-reloader:v0.37.0 save successfully.
[2020-05-27 10:10:29] quay.io/prometheus/alertmanager:v0.20.0 pull successfully.
[2020-05-27 10:10:32] quay.io/prometheus/alertmanager:v0.20.0 save successfully.
[2020-05-27 10:10:36] quay.io/prometheus/node-exporter:v0.18.1 pull successfully.
[2020-05-27 10:10:38] quay.io/prometheus/node-exporter:v0.18.1 save successfully.
[2020-05-27 10:10:42] quay.io/prometheus/prometheus:v2.15.2 pull successfully.
[2020-05-27 10:10:50] quay.io/prometheus/prometheus:v2.15.2 save successfully.
[2020-05-27 10:10:54] quay.io/external_storage/nfs-client-provisioner:latest pull successfully.
[2020-05-27 10:10:56] quay.io/external_storage/nfs-client-provisioner:latest save successfully.
[2020-05-27 10:10:57] jimmidyson/configmap-reload:v0.3.0 pull successfully.
[2020-05-27 10:10:58] jimmidyson/configmap-reload:v0.3.0 save successfully.
