[2020-03-20 03:15:12] grafana/grafana:6.6.0 load failed.
[2020-03-20 03:15:12] quay.io/coreos/k8s-prometheus-adapter-amd64:v0.5.0 load failed.
[2020-03-20 03:15:12] quay.io/coreos/kube-rbac-proxy:v0.4.1 load failed.
[2020-03-20 03:15:13] quay.io/coreos/kube-state-metrics:v1.9.5 load failed.
[2020-03-20 03:15:13] quay.io/coreos/prometheus-operator:v0.37.0 load failed.
[2020-03-20 03:15:13] quay.io/prometheus/alertmanager:v0.20.0 load failed.
[2020-03-20 03:15:13] quay.io/prometheus/node-exporter:v0.18.1 load failed.
[2020-03-20 03:15:14] quay.io/prometheus/prometheus:v2.15.2 load failed.
[2020-03-20 03:18:10] grafana/grafana:6.6.0 pull successfully.
[2020-03-20 03:21:36] grafana/grafana:6.6.0 pull successfully.
[2020-03-20 03:22:30] grafana/grafana:6.6.0 pull successfully.
[2020-03-20 03:43:26] grafana/grafana:6.6.0 load failed.
[2020-03-20 03:43:26] quay.io/coreos/k8s-prometheus-adapter-amd64:v0.5.0 load failed.
[2020-03-20 03:43:26] quay.io/coreos/kube-rbac-proxy:v0.4.1 load failed.
[2020-03-20 03:43:27] quay.io/coreos/kube-state-metrics:v1.9.5 load failed.
[2020-03-20 03:43:27] quay.io/coreos/prometheus-operator:v0.37.0 load failed.
[2020-03-20 03:43:27] quay.io/prometheus/alertmanager:v0.20.0 load failed.
[2020-03-20 03:43:27] quay.io/prometheus/node-exporter:v0.18.1 load failed.
[2020-03-20 03:43:27] quay.io/prometheus/prometheus:v2.15.2 load failed.
[2020-03-20 03:43:35] grafana/grafana:6.6.0 pull successfully.
[2020-03-20 03:44:26] grafana/grafana:6.6.0 pull successfully.
[2020-03-20 03:46:07] grafana/grafana:6.6.0 pull successfully.
[2020-03-20 03:46:24] grafana/grafana:6.6.0 save successfully.
[2020-03-20 03:46:29] quay.io/coreos/k8s-prometheus-adapter-amd64:v0.5.0 pull successfully.
[2020-03-20 03:46:32] quay.io/coreos/k8s-prometheus-adapter-amd64:v0.5.0 save successfully.
[2020-03-20 03:46:37] quay.io/coreos/kube-rbac-proxy:v0.4.1 pull successfully.
[2020-03-20 03:46:40] quay.io/coreos/kube-rbac-proxy:v0.4.1 save successfully.
[2020-03-20 03:46:47] quay.io/coreos/kube-state-metrics:v1.9.5 pull successfully.
[2020-03-20 03:46:49] quay.io/coreos/kube-state-metrics:v1.9.5 save successfully.
[2020-03-20 03:46:55] quay.io/coreos/prometheus-operator:v0.37.0 pull successfully.
[2020-03-20 03:46:58] quay.io/coreos/prometheus-operator:v0.37.0 save successfully.
[2020-03-20 03:47:04] quay.io/prometheus/alertmanager:v0.20.0 pull successfully.
[2020-03-20 03:47:08] quay.io/prometheus/alertmanager:v0.20.0 save successfully.
[2020-03-20 03:47:15] quay.io/prometheus/node-exporter:v0.18.1 pull successfully.
[2020-03-20 03:47:17] quay.io/prometheus/node-exporter:v0.18.1 save successfully.
[2020-03-20 03:47:26] quay.io/prometheus/prometheus:v2.15.2 pull successfully.
[2020-03-20 03:47:36] quay.io/prometheus/prometheus:v2.15.2 save successfully.
[2020-03-20 03:53:27] grafana-grafana:6.6.0 load failed.
[2020-03-20 03:53:27] quay.io-coreos-k8s-prometheus-adapter-amd64:v0.5.0 load failed.
[2020-03-20 03:53:27] quay.io-coreos-kube-rbac-proxy:v0.4.1 load failed.
[2020-03-20 03:53:28] quay.io-coreos-kube-state-metrics:v1.9.5 load failed.
[2020-03-20 03:53:28] quay.io-coreos-prometheus-operator:v0.37.0 load failed.
[2020-03-20 03:53:28] quay.io-prometheus-alertmanager:v0.20.0 load failed.
[2020-03-20 03:53:28] quay.io-prometheus-node-exporter:v0.18.1 load failed.
[2020-03-20 03:53:28] quay.io-prometheus-prometheus:v2.15.2 load failed.
[2020-03-20 03:55:53] grafana-grafana:6.6.0 load failed.
[2020-03-20 03:55:53] quay.io-coreos-k8s-prometheus-adapter-amd64:v0.5.0 load failed.
[2020-03-20 03:55:54] quay.io-coreos-kube-rbac-proxy:v0.4.1 load failed.
[2020-03-20 03:55:54] quay.io-coreos-kube-state-metrics:v1.9.5 load failed.
[2020-03-20 03:55:54] quay.io-coreos-prometheus-operator:v0.37.0 load failed.
[2020-03-20 03:55:54] quay.io-prometheus-alertmanager:v0.20.0 load failed.
[2020-03-20 03:55:54] quay.io-prometheus-node-exporter:v0.18.1 load failed.
[2020-03-20 03:55:54] quay.io-prometheus-prometheus:v2.15.2 load failed.
[2020-03-20 03:58:36] grafana-grafana-6.6.0 load failed.
[2020-03-20 03:58:36] quay.io-coreos-k8s-prometheus-adapter-amd64-v0.5.0 load failed.
[2020-03-20 03:58:36] quay.io-coreos-kube-rbac-proxy-v0.4.1 load failed.
[2020-03-20 03:58:36] quay.io-coreos-kube-state-metrics-v1.9.5 load failed.
[2020-03-20 03:58:36] quay.io-coreos-prometheus-operator-v0.37.0 load failed.
[2020-03-20 03:58:37] quay.io-prometheus-alertmanager-v0.20.0 load failed.
[2020-03-20 03:58:37] quay.io-prometheus-node-exporter-v0.18.1 load failed.
[2020-03-20 03:58:37] quay.io-prometheus-prometheus-v2.15.2 load failed.
[2020-03-20 03:58:50] grafana/grafana:6.6.0 pull successfully.
[2020-03-20 03:59:29] grafana/grafana:6.6.0 pull successfully.
[2020-03-20 03:59:47] grafana/grafana:6.6.0 save successfully.
[2020-03-20 03:59:53] quay.io/coreos/k8s-prometheus-adapter-amd64:v0.5.0 pull successfully.
[2020-03-20 03:59:56] quay.io/coreos/k8s-prometheus-adapter-amd64:v0.5.0 save successfully.
[2020-03-20 04:00:01] quay.io/coreos/kube-rbac-proxy:v0.4.1 pull successfully.
[2020-03-20 04:00:04] quay.io/coreos/kube-rbac-proxy:v0.4.1 save successfully.
[2020-03-20 04:00:09] quay.io/coreos/kube-state-metrics:v1.9.5 pull successfully.
[2020-03-20 04:00:11] quay.io/coreos/kube-state-metrics:v1.9.5 save successfully.
[2020-03-20 04:00:18] quay.io/coreos/prometheus-operator:v0.37.0 pull successfully.
[2020-03-20 04:00:20] quay.io/coreos/prometheus-operator:v0.37.0 save successfully.
[2020-03-20 04:00:25] quay.io/prometheus/alertmanager:v0.20.0 pull successfully.
[2020-03-20 04:00:29] quay.io/prometheus/alertmanager:v0.20.0 save successfully.
[2020-03-20 04:00:37] quay.io/prometheus/node-exporter:v0.18.1 pull successfully.
[2020-03-20 04:00:39] quay.io/prometheus/node-exporter:v0.18.1 save successfully.
[2020-03-20 04:00:46] quay.io/prometheus/prometheus:v2.15.2 pull successfully.
[2020-03-20 04:00:54] quay.io/prometheus/prometheus:v2.15.2 save successfully.
[2020-03-20 04:01:24] grafana-grafana-6.6.0 load failed.
[2020-03-20 04:01:24] quay.io-coreos-k8s-prometheus-adapter-amd64-v0.5.0 load failed.
[2020-03-20 04:01:24] quay.io-coreos-kube-rbac-proxy-v0.4.1 load failed.
[2020-03-20 04:01:24] quay.io-coreos-kube-state-metrics-v1.9.5 load failed.
[2020-03-20 04:01:24] quay.io-coreos-prometheus-operator-v0.37.0 load failed.
[2020-03-20 04:01:24] quay.io-prometheus-alertmanager-v0.20.0 load failed.
[2020-03-20 04:01:24] quay.io-prometheus-node-exporter-v0.18.1 load failed.
[2020-03-20 04:01:24] quay.io-prometheus-prometheus-v2.15.2 load failed.
[2020-03-20 04:03:31] grafana-grafana-6.6.0 load failed.
[2020-03-20 04:03:32] quay.io-coreos-k8s-prometheus-adapter-amd64-v0.5.0 load failed.
[2020-03-20 04:03:32] quay.io-coreos-kube-rbac-proxy-v0.4.1 load failed.
[2020-03-20 04:03:32] quay.io-coreos-kube-state-metrics-v1.9.5 load failed.
[2020-03-20 04:03:32] quay.io-coreos-prometheus-operator-v0.37.0 load failed.
[2020-03-20 04:03:32] quay.io-prometheus-alertmanager-v0.20.0 load failed.
[2020-03-20 04:03:32] quay.io-prometheus-node-exporter-v0.18.1 load failed.
[2020-03-20 04:03:32] quay.io-prometheus-prometheus-v2.15.2 load failed.
[2020-03-20 04:05:23] grafana-grafana-6.6.0 load failed.
[2020-03-20 04:05:24] quay.io-coreos-k8s-prometheus-adapter-amd64-v0.5.0 load failed.
[2020-03-20 04:05:24] quay.io-coreos-kube-rbac-proxy-v0.4.1 load failed.
[2020-03-20 04:05:24] quay.io-coreos-kube-state-metrics-v1.9.5 load failed.
[2020-03-20 04:05:24] quay.io-coreos-prometheus-operator-v0.37.0 load failed.
[2020-03-20 04:05:24] quay.io-prometheus-alertmanager-v0.20.0 load failed.
[2020-03-20 04:05:24] quay.io-prometheus-node-exporter-v0.18.1 load failed.
[2020-03-20 04:05:24] quay.io-prometheus-prometheus-v2.15.2 load failed.
[2020-03-20 04:05:57] grafana-grafana-6.6.0 load successfully.
[2020-03-20 04:05:58] quay.io-coreos-k8s-prometheus-adapter-amd64-v0.5.0 load successfully.
[2020-03-20 04:05:58] quay.io-coreos-kube-rbac-proxy-v0.4.1 load successfully.
[2020-03-20 04:05:59] quay.io-coreos-kube-state-metrics-v1.9.5 load successfully.
[2020-03-20 04:05:59] quay.io-coreos-prometheus-operator-v0.37.0 load successfully.
[2020-03-20 04:06:00] quay.io-prometheus-alertmanager-v0.20.0 load successfully.
[2020-03-20 04:06:01] quay.io-prometheus-node-exporter-v0.18.1 load successfully.
[2020-03-20 04:06:02] quay.io-prometheus-prometheus-v2.15.2 load successfully.
[2020-03-20 04:06:25] grafana-grafana-6.6.0 load successfully.
[2020-03-20 04:06:26] quay.io-coreos-k8s-prometheus-adapter-amd64-v0.5.0 load successfully.
[2020-03-20 04:06:27] quay.io-coreos-kube-rbac-proxy-v0.4.1 load successfully.
[2020-03-20 04:06:27] quay.io-coreos-kube-state-metrics-v1.9.5 load successfully.
[2020-03-20 04:06:28] quay.io-coreos-prometheus-operator-v0.37.0 load successfully.
[2020-03-20 04:06:28] quay.io-prometheus-alertmanager-v0.20.0 load successfully.
[2020-03-20 04:06:29] quay.io-prometheus-node-exporter-v0.18.1 load successfully.
[2020-03-20 04:06:30] quay.io-prometheus-prometheus-v2.15.2 load successfully.
[2020-03-20 04:10:49] grafana-grafana-6.6.0 load successfully.
[2020-03-20 04:10:50] quay.io-coreos-k8s-prometheus-adapter-amd64-v0.5.0 load successfully.
[2020-03-20 04:10:50] quay.io-coreos-kube-rbac-proxy-v0.4.1 load successfully.
[2020-03-20 04:10:51] quay.io-coreos-kube-state-metrics-v1.9.5 load successfully.
[2020-03-20 04:10:51] quay.io-coreos-prometheus-operator-v0.37.0 load successfully.
[2020-03-20 04:10:52] quay.io-prometheus-alertmanager-v0.20.0 load successfully.
[2020-03-20 04:10:52] quay.io-prometheus-node-exporter-v0.18.1 load successfully.
[2020-03-20 04:10:54] quay.io-prometheus-prometheus-v2.15.2 load successfully.
[2020-03-20 04:12:08] grafana-grafana-6.6.0 load successfully.
[2020-03-20 04:12:09] quay.io-coreos-k8s-prometheus-adapter-amd64-v0.5.0 load successfully.
[2020-03-20 04:12:10] quay.io-coreos-kube-rbac-proxy-v0.4.1 load successfully.
[2020-03-20 04:12:10] quay.io-coreos-kube-state-metrics-v1.9.5 load successfully.
[2020-03-20 04:12:11] quay.io-coreos-prometheus-operator-v0.37.0 load successfully.
[2020-03-20 04:12:12] quay.io-prometheus-alertmanager-v0.20.0 load successfully.
[2020-03-20 04:12:12] quay.io-prometheus-node-exporter-v0.18.1 load successfully.
[2020-03-20 04:12:14] quay.io-prometheus-prometheus-v2.15.2 load successfully.
